Analysis & Synthesis report for ILI9488
Sun Jan 21 21:00:46 2024
Quartus Prime Version 22.1std.2 Build 922 07/20/2023 SC Lite Edition


---------------------
; Table of Contents ;
---------------------
  1. Legal Notice
  2. Analysis & Synthesis Summary
  3. Analysis & Synthesis Settings
  4. Parallel Compilation
  5. Analysis & Synthesis Source Files Read
  6. Analysis & Synthesis Resource Usage Summary
  7. Analysis & Synthesis Resource Utilization by Entity
  8. User-Specified and Inferred Latches
  9. Registers Removed During Synthesis
 10. General Register Statistics
 11. Inverted Register Statistics
 12. Multiplexer Restructuring Statistics (Restructuring Performed)
 13. Parameter Settings for User Entity Instance: clock_divider:inst13
 14. Post-Synthesis Netlist Statistics for Top Partition
 15. Elapsed Time Per Partition
 16. Analysis & Synthesis Messages



----------------
; Legal Notice ;
----------------
Copyright (C) 2023  Intel Corporation. All rights reserved.
Your use of Intel Corporation's design tools, logic functions 
and other software and tools, and any partner logic 
functions, and any output files from any of the foregoing 
(including device programming or simulation files), and any 
associated documentation or information are expressly subject 
to the terms and conditions of the Intel Program License 
Subscription Agreement, the Intel Quartus Prime License Agreement,
the Intel FPGA IP License Agreement, or other applicable license
agreement, including, without limitation, that your use is for
the sole purpose of programming logic devices manufactured by
Intel and sold by Intel or its authorized distributors.  Please
refer to the applicable agreement for further details, at
https://fpgasoftware.intel.com/eula.



+-------------------------------------------------------------------------------------+
; Analysis & Synthesis Summary                                                        ;
+------------------------------------+------------------------------------------------+
; Analysis & Synthesis Status        ; Successful - Sun Jan 21 21:00:46 2024          ;
; Quartus Prime Version              ; 22.1std.2 Build 922 07/20/2023 SC Lite Edition ;
; Revision Name                      ; ILI9488                                        ;
; Top-level Entity Name              ; ILI9488                                        ;
; Family                             ; Cyclone IV E                                   ;
; Total logic elements               ; 569                                            ;
;     Total combinational functions  ; 569                                            ;
;     Dedicated logic registers      ; 187                                            ;
; Total registers                    ; 187                                            ;
; Total pins                         ; 8                                              ;
; Total virtual pins                 ; 0                                              ;
; Total memory bits                  ; 0                                              ;
; Embedded Multiplier 9-bit elements ; 0                                              ;
; Total PLLs                         ; 0                                              ;
+------------------------------------+------------------------------------------------+


+------------------------------------------------------------------------------------------------------------+
; Analysis & Synthesis Settings                                                                              ;
+------------------------------------------------------------------+--------------------+--------------------+
; Option                                                           ; Setting            ; Default Value      ;
+------------------------------------------------------------------+--------------------+--------------------+
; Device                                                           ; EP4CE6E22C8        ;                    ;
; Top-level entity name                                            ; ILI9488            ; ILI9488            ;
; Family name                                                      ; Cyclone IV E       ; Cyclone V          ;
; Use smart compilation                                            ; Off                ; Off                ;
; Enable parallel Assembler and Timing Analyzer during compilation ; On                 ; On                 ;
; Enable compact report table                                      ; Off                ; Off                ;
; Restructure Multiplexers                                         ; Auto               ; Auto               ;
; Create Debugging Nodes for IP Cores                              ; Off                ; Off                ;
; Preserve fewer node names                                        ; On                 ; On                 ;
; Intel FPGA IP Evaluation Mode                                    ; Enable             ; Enable             ;
; Verilog Version                                                  ; Verilog_2001       ; Verilog_2001       ;
; VHDL Version                                                     ; VHDL_1993          ; VHDL_1993          ;
; State Machine Processing                                         ; Auto               ; Auto               ;
; Safe State Machine                                               ; Off                ; Off                ;
; Extract Verilog State Machines                                   ; On                 ; On                 ;
; Extract VHDL State Machines                                      ; On                 ; On                 ;
; Ignore Verilog initial constructs                                ; Off                ; Off                ;
; Iteration limit for constant Verilog loops                       ; 5000               ; 5000               ;
; Iteration limit for non-constant Verilog loops                   ; 250                ; 250                ;
; Add Pass-Through Logic to Inferred RAMs                          ; On                 ; On                 ;
; Infer RAMs from Raw Logic                                        ; On                 ; On                 ;
; Parallel Synthesis                                               ; On                 ; On                 ;
; DSP Block Balancing                                              ; Auto               ; Auto               ;
; NOT Gate Push-Back                                               ; On                 ; On                 ;
; Power-Up Don't Care                                              ; On                 ; On                 ;
; Remove Redundant Logic Cells                                     ; Off                ; Off                ;
; Remove Duplicate Registers                                       ; On                 ; On                 ;
; Ignore CARRY Buffers                                             ; Off                ; Off                ;
; Ignore CASCADE Buffers                                           ; Off                ; Off                ;
; Ignore GLOBAL Buffers                                            ; Off                ; Off                ;
; Ignore ROW GLOBAL Buffers                                        ; Off                ; Off                ;
; Ignore LCELL Buffers                                             ; Off                ; Off                ;
; Ignore SOFT Buffers                                              ; On                 ; On                 ;
; Limit AHDL Integers to 32 Bits                                   ; Off                ; Off                ;
; Optimization Technique                                           ; Balanced           ; Balanced           ;
; Carry Chain Length                                               ; 70                 ; 70                 ;
; Auto Carry Chains                                                ; On                 ; On                 ;
; Auto Open-Drain Pins                                             ; On                 ; On                 ;
; Perform WYSIWYG Primitive Resynthesis                            ; Off                ; Off                ;
; Auto ROM Replacement                                             ; On                 ; On                 ;
; Auto RAM Replacement                                             ; On                 ; On                 ;
; Auto DSP Block Replacement                                       ; On                 ; On                 ;
; Auto Shift Register Replacement                                  ; Auto               ; Auto               ;
; Allow Shift Register Merging across Hierarchies                  ; Auto               ; Auto               ;
; Auto Clock Enable Replacement                                    ; On                 ; On                 ;
; Strict RAM Replacement                                           ; Off                ; Off                ;
; Allow Synchronous Control Signals                                ; On                 ; On                 ;
; Force Use of Synchronous Clear Signals                           ; Off                ; Off                ;
; Auto RAM Block Balancing                                         ; On                 ; On                 ;
; Auto RAM to Logic Cell Conversion                                ; Off                ; Off                ;
; Auto Resource Sharing                                            ; Off                ; Off                ;
; Allow Any RAM Size For Recognition                               ; Off                ; Off                ;
; Allow Any ROM Size For Recognition                               ; Off                ; Off                ;
; Allow Any Shift Register Size For Recognition                    ; Off                ; Off                ;
; Use LogicLock Constraints during Resource Balancing              ; On                 ; On                 ;
; Ignore translate_off and synthesis_off directives                ; Off                ; Off                ;
; Timing-Driven Synthesis                                          ; On                 ; On                 ;
; Report Parameter Settings                                        ; On                 ; On                 ;
; Report Source Assignments                                        ; On                 ; On                 ;
; Report Connectivity Checks                                       ; On                 ; On                 ;
; Ignore Maximum Fan-Out Assignments                               ; Off                ; Off                ;
; Synchronization Register Chain Length                            ; 2                  ; 2                  ;
; Power Optimization During Synthesis                              ; Normal compilation ; Normal compilation ;
; HDL message level                                                ; Level2             ; Level2             ;
; Suppress Register Optimization Related Messages                  ; Off                ; Off                ;
; Number of Removed Registers Reported in Synthesis Report         ; 5000               ; 5000               ;
; Number of Swept Nodes Reported in Synthesis Report               ; 5000               ; 5000               ;
; Number of Inverted Registers Reported in Synthesis Report        ; 100                ; 100                ;
; Clock MUX Protection                                             ; On                 ; On                 ;
; Auto Gated Clock Conversion                                      ; Off                ; Off                ;
; Block Design Naming                                              ; Auto               ; Auto               ;
; SDC constraint protection                                        ; Off                ; Off                ;
; Synthesis Effort                                                 ; Auto               ; Auto               ;
; Shift Register Replacement - Allow Asynchronous Clear Signal     ; On                 ; On                 ;
; Pre-Mapping Resynthesis Optimization                             ; Off                ; Off                ;
; Analysis & Synthesis Message Level                               ; Medium             ; Medium             ;
; Disable Register Merging Across Hierarchies                      ; Auto               ; Auto               ;
; Resource Aware Inference For Block RAM                           ; On                 ; On                 ;
+------------------------------------------------------------------+--------------------+--------------------+


+------------------------------------------+
; Parallel Compilation                     ;
+----------------------------+-------------+
; Processors                 ; Number      ;
+----------------------------+-------------+
; Number detected on machine ; 4           ;
; Maximum allowed            ; 2           ;
;                            ;             ;
; Average used               ; 1.00        ;
; Maximum used               ; 2           ;
;                            ;             ;
; Usage by Processor         ; % Time Used ;
;     Processor 1            ; 100.0%      ;
;     Processor 2            ;   0.0%      ;
+----------------------------+-------------+


+--------------------------------------------------------------------------------------------------------------------------------------------------------------------+
; Analysis & Synthesis Source Files Read                                                                                                                             ;
+----------------------------------+-----------------+------------------------------------+----------------------------------------------------------------+---------+
; File Name with User-Entered Path ; Used in Netlist ; File Type                          ; File Name with Absolute Path                                   ; Library ;
+----------------------------------+-----------------+------------------------------------+----------------------------------------------------------------+---------+
; ILI9488.bdf                      ; yes             ; User Block Diagram/Schematic File  ; /home/pc1/Documents/fpga_projects/ILI9488/ILI9488.bdf          ;         ;
; SPI_Serialiser.v                 ; yes             ; User Verilog HDL File              ; /home/pc1/Documents/fpga_projects/ILI9488/SPI_Serialiser.v     ;         ;
; color_generator.v                ; yes             ; User Verilog HDL File              ; /home/pc1/Documents/fpga_projects/ILI9488/color_generator.v    ;         ;
; clock_divider.v                  ; yes             ; User Verilog HDL File              ; /home/pc1/Documents/fpga_projects/ILI9488/clock_divider.v      ;         ;
; bus_mux.v                        ; yes             ; Auto-Found Verilog HDL File        ; /home/pc1/Documents/fpga_projects/ILI9488/bus_mux.v            ;         ;
; LCD_init.v                       ; yes             ; Auto-Found Verilog HDL File        ; /home/pc1/Documents/fpga_projects/ILI9488/LCD_init.v           ;         ;
; data_command_tasks.v             ; yes             ; Auto-Found Verilog HDL File        ; /home/pc1/Documents/fpga_projects/ILI9488/data_command_tasks.v ;         ;
; LCD_color_fill.v                 ; yes             ; Auto-Found Verilog HDL File        ; /home/pc1/Documents/fpga_projects/ILI9488/LCD_color_fill.v     ;         ;
+----------------------------------+-----------------+------------------------------------+----------------------------------------------------------------+---------+


+-------------------------------------------------------------------------+
; Analysis & Synthesis Resource Usage Summary                             ;
+---------------------------------------------+---------------------------+
; Resource                                    ; Usage                     ;
+---------------------------------------------+---------------------------+
; Estimated Total logic elements              ; 569                       ;
;                                             ;                           ;
; Total combinational functions               ; 569                       ;
; Logic element usage by number of LUT inputs ;                           ;
;     -- 4 input functions                    ; 249                       ;
;     -- 3 input functions                    ; 78                        ;
;     -- <=2 input functions                  ; 242                       ;
;                                             ;                           ;
; Logic elements by mode                      ;                           ;
;     -- normal mode                          ; 368                       ;
;     -- arithmetic mode                      ; 201                       ;
;                                             ;                           ;
; Total registers                             ; 187                       ;
;     -- Dedicated logic registers            ; 187                       ;
;     -- I/O registers                        ; 0                         ;
;                                             ;                           ;
; I/O pins                                    ; 8                         ;
;                                             ;                           ;
; Embedded Multiplier 9-bit elements          ; 0                         ;
;                                             ;                           ;
; Maximum fan-out node                        ; clock_divider:inst13|out2 ;
; Maximum fan-out                             ; 112                       ;
; Total fan-out                               ; 2293                      ;
; Average fan-out                             ; 2.97                      ;
+---------------------------------------------+---------------------------+


+-------------------------------------------------------------------------------------------------------------------------------------------------------------------------------------------------------------------------+
; Analysis & Synthesis Resource Utilization by Entity                                                                                                                                                                     ;
+----------------------------+---------------------+---------------------------+-------------+--------------+---------+-----------+------+--------------+--------------------------------+-----------------+--------------+
; Compilation Hierarchy Node ; Combinational ALUTs ; Dedicated Logic Registers ; Memory Bits ; DSP Elements ; DSP 9x9 ; DSP 18x18 ; Pins ; Virtual Pins ; Full Hierarchy Name            ; Entity Name     ; Library Name ;
+----------------------------+---------------------+---------------------------+-------------+--------------+---------+-----------+------+--------------+--------------------------------+-----------------+--------------+
; |ILI9488                   ; 569 (0)             ; 187 (0)                   ; 0           ; 0            ; 0       ; 0         ; 8    ; 0            ; |ILI9488                       ; ILI9488         ; work         ;
;    |LCD_color_fill:inst3|  ; 193 (193)           ; 65 (65)                   ; 0           ; 0            ; 0       ; 0         ; 0    ; 0            ; |ILI9488|LCD_color_fill:inst3  ; LCD_color_fill  ; work         ;
;    |LCD_init:inst2|        ; 238 (238)           ; 44 (44)                   ; 0           ; 0            ; 0       ; 0         ; 0    ; 0            ; |ILI9488|LCD_init:inst2        ; LCD_init        ; work         ;
;    |SPI_Serialiser:inst|   ; 15 (15)             ; 7 (7)                     ; 0           ; 0            ; 0       ; 0         ; 0    ; 0            ; |ILI9488|SPI_Serialiser:inst   ; SPI_Serialiser  ; work         ;
;    |bus_mux:inst8|         ; 29 (29)             ; 0 (0)                     ; 0           ; 0            ; 0       ; 0         ; 0    ; 0            ; |ILI9488|bus_mux:inst8         ; bus_mux         ; work         ;
;    |clock_divider:inst13|  ; 89 (89)             ; 66 (66)                   ; 0           ; 0            ; 0       ; 0         ; 0    ; 0            ; |ILI9488|clock_divider:inst13  ; clock_divider   ; work         ;
;    |color_generator:inst5| ; 5 (5)               ; 5 (5)                     ; 0           ; 0            ; 0       ; 0         ; 0    ; 0            ; |ILI9488|color_generator:inst5 ; color_generator ; work         ;
+----------------------------+---------------------+---------------------------+-------------+--------------+---------+-----------+------+--------------+--------------------------------+-----------------+--------------+
Note: For table entries with two numbers listed, the numbers in parentheses indicate the number of resources of the given type used by the specific entity alone. The numbers listed outside of parentheses indicate the total resources of the given type used by the specific entity and all of its sub-entities in the hierarchy.


+--------------------------------------------------------------------------------------------------------+
; User-Specified and Inferred Latches                                                                    ;
+----------------------------------------------------+--------------------------+------------------------+
; Latch Name                                         ; Latch Enable Signal      ; Free of Timing Hazards ;
+----------------------------------------------------+--------------------------+------------------------+
; LCD_color_fill:inst3|send_data                     ; LCD_init:inst2|init_done ; yes                    ;
; Number of user-specified and inferred latches = 1  ;                          ;                        ;
+----------------------------------------------------+--------------------------+------------------------+
Note: All latches listed above may not be present at the end of synthesis due to various synthesis optimizations.


+-------------------------------------------------------------------------------------------------+
; Registers Removed During Synthesis                                                              ;
+--------------------------------------------+----------------------------------------------------+
; Register name                              ; Reason for Removal                                 ;
+--------------------------------------------+----------------------------------------------------+
; color_generator:inst5|output_color[11..14] ; Merged with color_generator:inst5|output_color[15] ;
; color_generator:inst5|output_color[5..9]   ; Merged with color_generator:inst5|output_color[10] ;
; color_generator:inst5|output_color[0..3]   ; Merged with color_generator:inst5|output_color[4]  ;
; Total Number of Removed Registers = 13     ;                                                    ;
+--------------------------------------------+----------------------------------------------------+


+------------------------------------------------------+
; General Register Statistics                          ;
+----------------------------------------------+-------+
; Statistic                                    ; Value ;
+----------------------------------------------+-------+
; Total registers                              ; 187   ;
; Number of registers using Synchronous Clear  ; 107   ;
; Number of registers using Synchronous Load   ; 2     ;
; Number of registers using Asynchronous Clear ; 0     ;
; Number of registers using Asynchronous Load  ; 0     ;
; Number of registers using Clock Enable       ; 91    ;
; Number of registers using Preset             ; 0     ;
+----------------------------------------------+-------+


+--------------------------------------------------------+
; Inverted Register Statistics                           ;
+----------------------------------------------+---------+
; Inverted Register                            ; Fan out ;
+----------------------------------------------+---------+
; LCD_color_fill:inst3|sub_counter[1]          ; 8       ;
; LCD_color_fill:inst3|resolution_counter_x[8] ; 2       ;
; LCD_color_fill:inst3|resolution_counter_x[0] ; 2       ;
; LCD_color_fill:inst3|resolution_counter_x[1] ; 2       ;
; LCD_color_fill:inst3|resolution_counter_x[2] ; 2       ;
; LCD_color_fill:inst3|resolution_counter_x[3] ; 2       ;
; LCD_color_fill:inst3|resolution_counter_x[4] ; 2       ;
; LCD_color_fill:inst3|resolution_counter_x[5] ; 2       ;
; LCD_color_fill:inst3|resolution_counter_y[4] ; 3       ;
; LCD_color_fill:inst3|resolution_counter_y[0] ; 2       ;
; LCD_color_fill:inst3|resolution_counter_y[1] ; 2       ;
; LCD_color_fill:inst3|resolution_counter_y[2] ; 2       ;
; LCD_color_fill:inst3|resolution_counter_y[3] ; 2       ;
; LCD_color_fill:inst3|resolution_counter_y[6] ; 3       ;
; LCD_color_fill:inst3|resolution_counter_y[7] ; 3       ;
; LCD_color_fill:inst3|resolution_counter_y[8] ; 3       ;
; Total number of inverted registers = 16      ;         ;
+----------------------------------------------+---------+


+---------------------------------------------------------------------------------------------------------------------------------------------------------------------+
; Multiplexer Restructuring Statistics (Restructuring Performed)                                                                                                      ;
+--------------------+-----------+---------------+----------------------+------------------------+------------+-------------------------------------------------------+
; Multiplexer Inputs ; Bus Width ; Baseline Area ; Area if Restructured ; Saving if Restructured ; Registered ; Example Multiplexer Output                            ;
+--------------------+-----------+---------------+----------------------+------------------------+------------+-------------------------------------------------------+
; 3:1                ; 10 bits   ; 20 LEs        ; 10 LEs               ; 10 LEs                 ; Yes        ; |ILI9488|LCD_color_fill:inst3|data_out[5]             ;
; 3:1                ; 32 bits   ; 64 LEs        ; 32 LEs               ; 32 LEs                 ; Yes        ; |ILI9488|LCD_color_fill:inst3|main_counter[15]        ;
; 4:1                ; 2 bits    ; 4 LEs         ; 2 LEs                ; 2 LEs                  ; Yes        ; |ILI9488|LCD_color_fill:inst3|resolution_counter_x[7] ;
; 4:1                ; 7 bits    ; 14 LEs        ; 14 LEs               ; 0 LEs                  ; Yes        ; |ILI9488|LCD_color_fill:inst3|resolution_counter_x[0] ;
; 5:1                ; 8 bits    ; 24 LEs        ; 16 LEs               ; 8 LEs                  ; Yes        ; |ILI9488|LCD_color_fill:inst3|resolution_counter_y[8] ;
; 4:1                ; 4 bits    ; 8 LEs         ; 8 LEs                ; 0 LEs                  ; No         ; |ILI9488|LCD_color_fill:inst3|data_out                ;
+--------------------+-----------+---------------+----------------------+------------------------+------------+-------------------------------------------------------+


+-------------------------------------------------------------------+
; Parameter Settings for User Entity Instance: clock_divider:inst13 ;
+----------------+-------+------------------------------------------+
; Parameter Name ; Value ; Type                                     ;
+----------------+-------+------------------------------------------+
; DIV1           ; 10    ; Signed Integer                           ;
; DIV2           ; 250   ; Signed Integer                           ;
+----------------+-------+------------------------------------------+
Note: In order to hide this table in the UI and the text report file, please set the "Show Parameter Settings in Synthesis Report" option in "Analysis and Synthesis Settings -> More Settings" to "Off".


+-----------------------------------------------------+
; Post-Synthesis Netlist Statistics for Top Partition ;
+-----------------------+-----------------------------+
; Type                  ; Count                       ;
+-----------------------+-----------------------------+
; boundary_port         ; 8                           ;
; cycloneiii_ff         ; 187                         ;
;     ENA               ; 49                          ;
;     ENA SCLR          ; 41                          ;
;     ENA SLD           ; 1                           ;
;     SCLR              ; 66                          ;
;     SLD               ; 1                           ;
;     plain             ; 29                          ;
; cycloneiii_lcell_comb ; 572                         ;
;     arith             ; 201                         ;
;         2 data inputs ; 200                         ;
;         3 data inputs ; 1                           ;
;     normal            ; 371                         ;
;         1 data inputs ; 13                          ;
;         2 data inputs ; 32                          ;
;         3 data inputs ; 77                          ;
;         4 data inputs ; 249                         ;
;                       ;                             ;
; Max LUT depth         ; 13.00                       ;
; Average LUT depth     ; 6.28                        ;
+-----------------------+-----------------------------+


+-------------------------------+
; Elapsed Time Per Partition    ;
+----------------+--------------+
; Partition Name ; Elapsed Time ;
+----------------+--------------+
; Top            ; 00:00:01     ;
+----------------+--------------+


+-------------------------------+
; Analysis & Synthesis Messages ;
+-------------------------------+
Info: *******************************************************************
Info: Running Quartus Prime Analysis & Synthesis
    Info: Version 22.1std.2 Build 922 07/20/2023 SC Lite Edition
    Info: Processing started: Sun Jan 21 21:00:36 2024
Info: Command: quartus_map --read_settings_files=on --write_settings_files=off ILI9488 -c ILI9488
Warning (18236): Number of processors has not been specified which may cause overloading on shared machines.  Set the global assignment NUM_PARALLEL_PROCESSORS in your QSF to an appropriate value for best performance.
Info (20030): Parallel compilation is enabled and will use 2 of the 2 processors detected
Info (12021): Found 1 design units, including 1 entities, in source file ILI9488.bdf
    Info (12023): Found entity 1: ILI9488
Info (12021): Found 1 design units, including 1 entities, in source file SPI_Serialiser.v
    Info (12023): Found entity 1: SPI_Serialiser File: /home/pc1/Documents/fpga_projects/ILI9488/SPI_Serialiser.v Line: 1
Warning (12019): Can't analyze file -- file bus_or.v is missing
Info (12021): Found 1 design units, including 1 entities, in source file pll1.v
    Info (12023): Found entity 1: pll1 File: /home/pc1/Documents/fpga_projects/ILI9488/pll1.v Line: 40
Info (12021): Found 1 design units, including 1 entities, in source file color_generator.v
    Info (12023): Found entity 1: color_generator File: /home/pc1/Documents/fpga_projects/ILI9488/color_generator.v Line: 1
Info (12021): Found 1 design units, including 1 entities, in source file clock_divider.v
    Info (12023): Found entity 1: clock_divider File: /home/pc1/Documents/fpga_projects/ILI9488/clock_divider.v Line: 1
Info (12127): Elaborating entity "ILI9488" for the top level hierarchy
Warning (12125): Using design file bus_mux.v, which is not specified as a design file for the current project, but contains definitions for 1 design units and 1 entities in project
    Info (12023): Found entity 1: bus_mux File: /home/pc1/Documents/fpga_projects/ILI9488/bus_mux.v Line: 1
Info (12128): Elaborating entity "bus_mux" for hierarchy "bus_mux:inst8"
Warning (12125): Using design file LCD_init.v, which is not specified as a design file for the current project, but contains definitions for 1 design units and 1 entities in project
    Info (12023): Found entity 1: LCD_init File: /home/pc1/Documents/fpga_projects/ILI9488/LCD_init.v Line: 1
Info (12128): Elaborating entity "LCD_init" for hierarchy "LCD_init:inst2"
Warning (10762): Verilog HDL Case Statement warning at LCD_init.v(21): can't check case statement for completeness because the case expression has too many possible states File: /home/pc1/Documents/fpga_projects/ILI9488/LCD_init.v Line: 21
Info (12128): Elaborating entity "clock_divider" for hierarchy "clock_divider:inst13"
Warning (12125): Using design file LCD_color_fill.v, which is not specified as a design file for the current project, but contains definitions for 1 design units and 1 entities in project
    Info (12023): Found entity 1: LCD_color_fill File: /home/pc1/Documents/fpga_projects/ILI9488/LCD_color_fill.v Line: 1
Info (12128): Elaborating entity "LCD_color_fill" for hierarchy "LCD_color_fill:inst3"
Warning (10230): Verilog HDL assignment warning at LCD_color_fill.v(35): truncated value with size 32 to match size of target (2) File: /home/pc1/Documents/fpga_projects/ILI9488/LCD_color_fill.v Line: 35
Warning (10230): Verilog HDL assignment warning at LCD_color_fill.v(40): truncated value with size 32 to match size of target (9) File: /home/pc1/Documents/fpga_projects/ILI9488/LCD_color_fill.v Line: 40
Warning (10230): Verilog HDL assignment warning at LCD_color_fill.v(45): truncated value with size 32 to match size of target (9) File: /home/pc1/Documents/fpga_projects/ILI9488/LCD_color_fill.v Line: 45
Warning (10762): Verilog HDL Case Statement warning at LCD_color_fill.v(63): can't check case statement for completeness because the case expression has too many possible states File: /home/pc1/Documents/fpga_projects/ILI9488/LCD_color_fill.v Line: 63
Warning (10240): Verilog HDL Always Construct warning at LCD_color_fill.v(100): inferring latch(es) for variable "send_data", which holds its previous value in one or more paths through the always construct File: /home/pc1/Documents/fpga_projects/ILI9488/LCD_color_fill.v Line: 100
Info (10041): Inferred latch for "send_data" at LCD_color_fill.v(100) File: /home/pc1/Documents/fpga_projects/ILI9488/LCD_color_fill.v Line: 100
Info (12128): Elaborating entity "color_generator" for hierarchy "color_generator:inst5"
Info (12128): Elaborating entity "SPI_Serialiser" for hierarchy "SPI_Serialiser:inst"
Info (286030): Timing-Driven Synthesis is running
Info (16010): Generating hard_block partition "hard_block:auto_generated_inst"
    Info (16011): Adding 0 node(s), including 0 DDIO, 0 PLL, 0 transceiver and 0 LCELL
Info (21057): Implemented 577 device resources after synthesis - the final resource count might be different
    Info (21058): Implemented 1 input pins
    Info (21059): Implemented 7 output pins
    Info (21061): Implemented 569 logic cells
Info: Quartus Prime Analysis & Synthesis was successful. 0 errors, 11 warnings
    Info: Peak virtual memory: 376 megabytes
    Info: Processing ended: Sun Jan 21 21:00:46 2024
    Info: Elapsed time: 00:00:10
    Info: Total CPU time (on all processors): 00:00:20


